<?xml version="1.0" encoding="UTF-8"?>
<testsuite name="TestSuite" time="10.413" tests="7" errors="0" skipped="0" failures="7">
  <properties>
    <property name="java.runtime.name" value="OpenJDK Runtime Environment"/>
    <property name="java.vm.version" value="17+35"/>
    <property name="sun.boot.library.path" value="C:\Users\SLIDE QA\.p2\pool\plugins\org.eclipse.justj.openjdk.hotspot.jre.full.win32.x86_64_17.0.0.v20211012-1059\jre\bin"/>
    <property name="maven.multiModuleProjectDirectory" value="D:\Selenium Live Projects\TeamResolutionCheck"/>
    <property name="java.vm.vendor" value="Eclipse Adoptium"/>
    <property name="java.vendor.url" value="https://adoptium.net/"/>
    <property name="guice.disable.misplaced.annotation.check" value="true"/>
    <property name="path.separator" value=";"/>
    <property name="java.vm.name" value="OpenJDK 64-Bit Server VM"/>
    <property name="sun.os.patch.level" value=""/>
    <property name="user.script" value=""/>
    <property name="user.country" value="US"/>
    <property name="sun.java.launcher" value="SUN_STANDARD"/>
    <property name="java.vm.specification.name" value="Java Virtual Machine Specification"/>
    <property name="user.dir" value="D:\Selenium Live Projects\TeamResolutionCheck"/>
    <property name="java.vm.compressedOopsMode" value="Zero based"/>
    <property name="java.runtime.version" value="17+35"/>
    <property name="os.arch" value="amd64"/>
    <property name="java.io.tmpdir" value="C:\Users\SLIDEQ~1\AppData\Local\Temp\"/>
    <property name="line.separator" value="&#10;"/>
    <property name="java.vm.specification.vendor" value="Oracle Corporation"/>
    <property name="user.variant" value=""/>
    <property name="os.name" value="Windows 10"/>
    <property name="classworlds.conf" value="D:\Selenium Live Projects\.metadata\.plugins\org.eclipse.m2e.launching\launches\m2conf13141153880589700045.tmp"/>
    <property name="sun.jnu.encoding" value="Cp1252"/>
    <property name="java.library.path" value="C:\Users\SLIDE QA\.p2\pool\plugins\org.eclipse.justj.openjdk.hotspot.jre.full.win32.x86_64_17.0.0.v20211012-1059\jre\bin;C:\Windows\Sun\Java\bin;C:\Windows\system32;C:\Windows;C:/Users/SLIDE QA/.p2/pool/plugins/org.eclipse.justj.openjdk.hotspot.jre.full.win32.x86_64_17.0.0.v20211012-1059/jre/bin/server;C:/Users/SLIDE QA/.p2/pool/plugins/org.eclipse.justj.openjdk.hotspot.jre.full.win32.x86_64_17.0.0.v20211012-1059/jre/bin;C:\Windows\system32;C:\Windows;C:\Windows\System32\Wbem;C:\Windows\System32\WindowsPowerShell\v1.0\;C:\Windows\System32\OpenSSH\;C:\Program Files\apache-maven-3.8.3\bin;C:\Program Files\Java\jdk1.8.0_291\bin;C:\Program Files\Java\jre1.8.0_291\bin;C:\Program Files\Git\cmd;C:\Users\SLIDE QA\AppData\Local\Microsoft\WindowsApps;;C:\Users\SLIDE QA\Desktop;;."/>
    <property name="jdk.debug" value="release"/>
    <property name="java.class.version" value="61.0"/>
    <property name="java.specification.name" value="Java Platform API Specification"/>
    <property name="sun.management.compiler" value="HotSpot 64-Bit Tiered Compilers"/>
    <property name="os.version" value="10.0"/>
    <property name="user.home" value="C:\Users\SLIDE QA"/>
    <property name="user.timezone" value="Asia/Calcutta"/>
    <property name="file.encoding" value="Cp1252"/>
    <property name="java.specification.version" value="17"/>
    <property name="user.name" value="SLIDE QA"/>
    <property name="java.class.path" value="C:\Users\SLIDE QA\.p2\pool\plugins\org.eclipse.m2e.maven.runtime_1.18.0.20210618-2246\jars\plexus-classworlds-2.6.0.jar"/>
    <property name="java.vm.specification.version" value="17"/>
    <property name="sun.arch.data.model" value="64"/>
    <property name="sun.java.command" value="org.codehaus.plexus.classworlds.launcher.Launcher -B test"/>
    <property name="java.home" value="C:\Users\SLIDE QA\.p2\pool\plugins\org.eclipse.justj.openjdk.hotspot.jre.full.win32.x86_64_17.0.0.v20211012-1059\jre"/>
    <property name="user.language" value="en"/>
    <property name="java.specification.vendor" value="Oracle Corporation"/>
    <property name="java.vm.info" value="mixed mode"/>
    <property name="java.version" value="17"/>
    <property name="native.encoding" value="Cp1252"/>
    <property name="java.vendor" value="Eclipse Adoptium"/>
    <property name="maven.home" value="D:\Selenium Live Projects\TeamResolutionCheck\EMBEDDED"/>
    <property name="file.separator" value="\"/>
    <property name="java.version.date" value="2021-09-14"/>
    <property name="java.vendor.url.bug" value="https://github.com/adoptium/adoptium-support/issues"/>
    <property name="sun.io.unicode.encoding" value="UnicodeLittle"/>
    <property name="sun.cpu.endian" value="little"/>
    <property name="java.vendor.version" value="Temurin-17+35"/>
    <property name="sun.cpu.isalist" value="amd64"/>
  </properties>
  <testcase name="checkResolutionForWidgets" classname="testCases.WidgetsPages" time="10.413">
    <failure message="image is not displayed properly expected [true] but found [false]" type="java.lang.AssertionError">java.lang.AssertionError: image is not displayed properly expected [true] but found [false]
	at org.testng.Assert.fail(Assert.java:110)
	at org.testng.Assert.failNotEquals(Assert.java:1413)
	at org.testng.Assert.assertTrue(Assert.java:56)
	at testCases.WidgetsPages.checkResolutionForWidgets(WidgetsPages.java:50)
</failure>
    <system-out><![CDATA[Resolution = 2560*1440
Number of elements:15
Change Management Powerpoint Presentation Slides -181.0-136.0
1.3308823roundedValue
1.33
]]></system-out>
    <system-err><![CDATA[SLF4J: Failed to load class "org.slf4j.impl.StaticLoggerBinder".
SLF4J: Defaulting to no-operation (NOP) logger implementation
SLF4J: See http://www.slf4j.org/codes.html#StaticLoggerBinder for further details.
Starting ChromeDriver 99.0.4844.51 (d537ec02474b5afe23684e7963d538896c63ac77-refs/branch-heads/4844@{#875}) on port 47357
Only local connections are allowed.
Please see https://chromedriver.chromium.org/security-considerations for suggestions on keeping ChromeDriver safe.
ChromeDriver was started successfully.
Mar 23, 2022 1:26:34 PM org.openqa.selenium.remote.ProtocolHandshake createSession
INFO: Detected dialect: W3C
]]></system-err>
  </testcase>
  <testcase name="checkResolutionForWidgets" classname="testCases.WidgetsPages" time="8.931">
    <failure message="image is not displayed properly expected [true] but found [false]" type="java.lang.AssertionError">java.lang.AssertionError: image is not displayed properly expected [true] but found [false]
	at org.testng.Assert.fail(Assert.java:110)
	at org.testng.Assert.failNotEquals(Assert.java:1413)
	at org.testng.Assert.assertTrue(Assert.java:56)
	at testCases.WidgetsPages.checkResolutionForWidgets(WidgetsPages.java:50)
</failure>
    <system-out><![CDATA[Resolution = 1920*1080
Number of elements:15
Change Management Powerpoint Presentation Slides -181.0-136.0
1.3308823roundedValue
1.33
]]></system-out>
    <system-err><![CDATA[Starting ChromeDriver 99.0.4844.51 (d537ec02474b5afe23684e7963d538896c63ac77-refs/branch-heads/4844@{#875}) on port 26207
Only local connections are allowed.
Please see https://chromedriver.chromium.org/security-considerations for suggestions on keeping ChromeDriver safe.
ChromeDriver was started successfully.
Mar 23, 2022 1:26:44 PM org.openqa.selenium.remote.ProtocolHandshake createSession
INFO: Detected dialect: W3C
]]></system-err>
  </testcase>
  <testcase name="checkResolutionForWidgets" classname="testCases.WidgetsPages" time="8.071">
    <failure message="image is not displayed properly expected [true] but found [false]" type="java.lang.AssertionError">java.lang.AssertionError: image is not displayed properly expected [true] but found [false]
	at org.testng.Assert.fail(Assert.java:110)
	at org.testng.Assert.failNotEquals(Assert.java:1413)
	at org.testng.Assert.assertTrue(Assert.java:56)
	at testCases.WidgetsPages.checkResolutionForWidgets(WidgetsPages.java:50)
</failure>
    <system-out><![CDATA[Resolution = 1280*720
Number of elements:15
Change Management Powerpoint Presentation Slides -166.0-124.0
1.3387097roundedValue
1.33
]]></system-out>
    <system-err><![CDATA[Starting ChromeDriver 99.0.4844.51 (d537ec02474b5afe23684e7963d538896c63ac77-refs/branch-heads/4844@{#875}) on port 33813
Only local connections are allowed.
Please see https://chromedriver.chromium.org/security-considerations for suggestions on keeping ChromeDriver safe.
ChromeDriver was started successfully.
Mar 23, 2022 1:26:53 PM org.openqa.selenium.remote.ProtocolHandshake createSession
INFO: Detected dialect: W3C
]]></system-err>
  </testcase>
  <testcase name="checkResolutionForWidgets" classname="testCases.WidgetsPages" time="11.827">
    <failure message="image is not displayed properly expected [true] but found [false]" type="java.lang.AssertionError">java.lang.AssertionError: image is not displayed properly expected [true] but found [false]
	at org.testng.Assert.fail(Assert.java:110)
	at org.testng.Assert.failNotEquals(Assert.java:1413)
	at org.testng.Assert.assertTrue(Assert.java:56)
	at testCases.WidgetsPages.checkResolutionForWidgets(WidgetsPages.java:50)
</failure>
    <system-out><![CDATA[Resolution = 1536*864
Number of elements:15
Change Management Powerpoint Presentation Slides -166.0-124.0
1.3387097roundedValue
1.33
]]></system-out>
    <system-err><![CDATA[Starting ChromeDriver 99.0.4844.51 (d537ec02474b5afe23684e7963d538896c63ac77-refs/branch-heads/4844@{#875}) on port 40286
Only local connections are allowed.
Please see https://chromedriver.chromium.org/security-considerations for suggestions on keeping ChromeDriver safe.
ChromeDriver was started successfully.
Mar 23, 2022 1:27:01 PM org.openqa.selenium.remote.ProtocolHandshake createSession
INFO: Detected dialect: W3C
]]></system-err>
  </testcase>
  <testcase name="checkResolutionForWidgets" classname="testCases.WidgetsPages" time="11.248">
    <failure message="image is not displayed properly expected [true] but found [false]" type="java.lang.AssertionError">java.lang.AssertionError: image is not displayed properly expected [true] but found [false]
	at org.testng.Assert.fail(Assert.java:110)
	at org.testng.Assert.failNotEquals(Assert.java:1413)
	at org.testng.Assert.assertTrue(Assert.java:56)
	at testCases.WidgetsPages.checkResolutionForWidgets(WidgetsPages.java:50)
</failure>
    <system-out><![CDATA[Resolution = 1366*768
Number of elements:15
Change Management Powerpoint Presentation Slides -166.0-124.0
1.3387097roundedValue
1.33
]]></system-out>
    <system-err><![CDATA[Starting ChromeDriver 99.0.4844.51 (d537ec02474b5afe23684e7963d538896c63ac77-refs/branch-heads/4844@{#875}) on port 28868
Only local connections are allowed.
Please see https://chromedriver.chromium.org/security-considerations for suggestions on keeping ChromeDriver safe.
ChromeDriver was started successfully.
Mar 23, 2022 1:27:12 PM org.openqa.selenium.remote.ProtocolHandshake createSession
INFO: Detected dialect: W3C
]]></system-err>
  </testcase>
  <testcase name="checkResolutionForWidgets" classname="testCases.WidgetsPages" time="11.582">
    <failure message="image is not displayed properly expected [true] but found [false]" type="java.lang.AssertionError">java.lang.AssertionError: image is not displayed properly expected [true] but found [false]
	at org.testng.Assert.fail(Assert.java:110)
	at org.testng.Assert.failNotEquals(Assert.java:1413)
	at org.testng.Assert.assertTrue(Assert.java:56)
	at testCases.WidgetsPages.checkResolutionForWidgets(WidgetsPages.java:50)
</failure>
    <system-out><![CDATA[Resolution = 1920*1200
Number of elements:15
Change Management Powerpoint Presentation Slides -181.0-136.0
1.3308823roundedValue
1.33
]]></system-out>
    <system-err><![CDATA[Starting ChromeDriver 99.0.4844.51 (d537ec02474b5afe23684e7963d538896c63ac77-refs/branch-heads/4844@{#875}) on port 9104
Only local connections are allowed.
Please see https://chromedriver.chromium.org/security-considerations for suggestions on keeping ChromeDriver safe.
ChromeDriver was started successfully.
Mar 23, 2022 1:27:23 PM org.openqa.selenium.remote.ProtocolHandshake createSession
INFO: Detected dialect: W3C
]]></system-err>
  </testcase>
  <testcase name="checkResolutionForWidgets" classname="testCases.WidgetsPages" time="11.296">
    <failure message="image is not displayed properly expected [true] but found [false]" type="java.lang.AssertionError">java.lang.AssertionError: image is not displayed properly expected [true] but found [false]
	at org.testng.Assert.fail(Assert.java:110)
	at org.testng.Assert.failNotEquals(Assert.java:1413)
	at org.testng.Assert.assertTrue(Assert.java:56)
	at testCases.WidgetsPages.checkResolutionForWidgets(WidgetsPages.java:50)
</failure>
    <system-out><![CDATA[Resolution = 1440*900
Number of elements:15
Change Management Powerpoint Presentation Slides -166.0-124.0
1.3387097roundedValue
1.33
]]></system-out>
    <system-err><![CDATA[Starting ChromeDriver 99.0.4844.51 (d537ec02474b5afe23684e7963d538896c63ac77-refs/branch-heads/4844@{#875}) on port 40644
Only local connections are allowed.
Please see https://chromedriver.chromium.org/security-considerations for suggestions on keeping ChromeDriver safe.
ChromeDriver was started successfully.
Mar 23, 2022 1:27:35 PM org.openqa.selenium.remote.ProtocolHandshake createSession
INFO: Detected dialect: W3C
]]></system-err>
  </testcase>
</testsuite>