<?xml version="1.0" encoding="UTF-8"?>
<!-- Generated by org.testng.reporters.JUnitReportReporter -->
<testsuite hostname="SLIDEQA2" failures="0" tests="8" name="testCases.WidgetsPages" time="130.874" errors="0" timestamp="2022-05-24T15:11:44 IST" skipped="0">
  <testcase classname="testCases.WidgetsPages" name="checkResolutionForWidgets" time="16.302"/>
  <system-out/>
  <testcase classname="testCases.WidgetsPages" name="checkResolutionForWidgets" time="16.242"/>
  <system-out/>
  <testcase classname="testCases.WidgetsPages" name="checkResolutionForWidgets" time="16.365"/>
  <system-out/>
  <testcase classname="testCases.WidgetsPages" name="checkResolutionForWidgets" time="16.255"/>
  <system-out/>
  <testcase classname="testCases.WidgetsPages" name="checkResolutionForWidgets" time="16.524"/>
  <system-out/>
  <testcase classname="testCases.WidgetsPages" name="checkResolutionForWidgets" time="16.550"/>
  <system-out/>
  <testcase classname="testCases.WidgetsPages" name="checkResolutionForWidgets" time="16.311"/>
  <system-out/>
  <testcase classname="testCases.WidgetsPages" name="checkResolutionForWidgets" time="16.325"/>
  <system-out/>
</testsuite> <!-- testCases.WidgetsPages -->
