<?xml version="1.0" encoding="UTF-8"?>
<!-- Generated by org.testng.reporters.JUnitReportReporter -->
<testsuite hostname="SLIDEQA2" failures="0" tests="7" name="testCases.A4Pages" time="2946.955" errors="0" timestamp="2022-03-23T11:43:39 IST" skipped="0">
  <testcase classname="testCases.A4Pages" name="checkResolutionForA4Pages" time="447.456"/>
  <system-out/>
  <testcase classname="testCases.A4Pages" name="checkResolutionForA4Pages" time="372.233"/>
  <system-out/>
  <testcase classname="testCases.A4Pages" name="checkResolutionForA4Pages" time="597.221"/>
  <system-out/>
  <testcase classname="testCases.A4Pages" name="checkResolutionForA4Pages" time="436.315"/>
  <system-out/>
  <testcase classname="testCases.A4Pages" name="checkResolutionForA4Pages" time="422.603"/>
  <system-out/>
  <testcase classname="testCases.A4Pages" name="checkResolutionForA4Pages" time="337.854"/>
  <system-out/>
  <testcase classname="testCases.A4Pages" name="checkResolutionForA4Pages" time="333.273"/>
  <system-out/>
</testsuite> <!-- testCases.A4Pages -->
