<?xml version="1.0" encoding="UTF-8"?>
<!-- Generated by org.testng.reporters.JUnitReportReporter -->
<testsuite hostname="SLIDEQA2" failures="0" tests="4" name="testCases.NewlyProducts" time="188.411" errors="0" timestamp="2022-03-23T11:56:33 IST" skipped="0">
  <testcase classname="testCases.NewlyProducts" name="checkResolutionForNewlyProducts" time="47.128"/>
  <system-out/>
  <testcase classname="testCases.NewlyProducts" name="checkResolutionForNewlyProducts" time="47.532"/>
  <system-out/>
  <testcase classname="testCases.NewlyProducts" name="checkResolutionForNewlyProducts" time="47.292"/>
  <system-out/>
  <testcase classname="testCases.NewlyProducts" name="checkResolutionForNewlyProducts" time="46.459"/>
  <system-out/>
</testsuite> <!-- testCases.NewlyProducts -->
