<?xml version="1.0" encoding="UTF-8"?>
<!-- Generated by org.testng.reporters.JUnitReportReporter -->
<testsuite hostname="SLIDEQA2" failures="0" tests="1" name="testCases.PopularPPts" time="528.852" errors="0" timestamp="2022-04-11T11:02:24 IST" skipped="0">
  <testcase classname="testCases.PopularPPts" name="checkResolutionForpopularPPts" time="528.852"/>
  <system-out/>
</testsuite> <!-- testCases.PopularPPts -->
