<?xml version="1.0" encoding="UTF-8"?>
<!-- Generated by org.testng.reporters.JUnitReportReporter -->
<testsuite hostname="SLIDEQA2" failures="0" tests="7" name="testCases.WidgetsPages" time="82.018" errors="0" timestamp="2022-03-23T09:51:04 IST" skipped="0">
  <testcase classname="testCases.WidgetsPages" name="checkResolution" time="11.025"/>
  <system-out/>
  <testcase classname="testCases.WidgetsPages" name="checkResolution" time="13.627"/>
  <system-out/>
  <testcase classname="testCases.WidgetsPages" name="checkResolution" time="11.217"/>
  <system-out/>
  <testcase classname="testCases.WidgetsPages" name="checkResolution" time="11.382"/>
  <system-out/>
  <testcase classname="testCases.WidgetsPages" name="checkResolution" time="12.029"/>
  <system-out/>
  <testcase classname="testCases.WidgetsPages" name="checkResolution" time="11.280"/>
  <system-out/>
  <testcase classname="testCases.WidgetsPages" name="checkResolution" time="11.458"/>
  <system-out/>
</testsuite> <!-- testCases.WidgetsPages -->
