<?xml version="1.0" encoding="UTF-8"?>
<!-- Generated by org.testng.reporters.JUnitReportReporter -->
<testsuite hostname="SLIDEQA2" failures="0" tests="1" name="testCases.NewlyProducts" time="87.923" errors="0" timestamp="2022-05-24T16:56:10 IST" skipped="0">
  <testcase classname="testCases.NewlyProducts" name="checkResolutionForNewlyProducts" time="87.923"/>
  <system-out/>
</testsuite> <!-- testCases.NewlyProducts -->
