<?xml version="1.0" encoding="UTF-8"?>
<!-- Generated by org.testng.reporters.JUnitReportReporter -->
<testsuite hostname="SLIDEQA2" failures="0" tests="1" name="testCases.PopularPPts" time="295.870" errors="0" timestamp="2022-03-23T12:35:56 IST" skipped="0">
  <testcase classname="testCases.PopularPPts" name="checkResolutionForNewlyProducts" time="295.870"/>
  <system-out/>
</testsuite> <!-- testCases.PopularPPts -->
