<?xml version="1.0" encoding="UTF-8"?>
<!-- Generated by org.testng.reporters.JUnitReportReporter -->
<testsuite hostname="SLIDEQA2" failures="0" tests="1" name="testCases.PopularPPts" time="393.633" errors="0" timestamp="2022-04-06T18:03:48 IST" skipped="0">
  <testcase classname="testCases.PopularPPts" name="checkResolutionForpopularPPts" time="393.633"/>
  <system-out/>
</testsuite> <!-- testCases.PopularPPts -->
