<?xml version="1.0" encoding="UTF-8"?>
<!-- Generated by org.testng.reporters.JUnitReportReporter -->
<testsuite hostname="SLIDEQA2" failures="0" tests="7" name="testCases.WidgetsPages" time="77.554" errors="0" timestamp="2022-05-20T16:19:11 IST" skipped="0">
  <testcase classname="testCases.WidgetsPages" name="checkResolutionForWidgets" time="11.721"/>
  <system-out/>
  <testcase classname="testCases.WidgetsPages" name="checkResolutionForWidgets" time="12.193"/>
  <system-out/>
  <testcase classname="testCases.WidgetsPages" name="checkResolutionForWidgets" time="8.463"/>
  <system-out/>
  <testcase classname="testCases.WidgetsPages" name="checkResolutionForWidgets" time="11.152"/>
  <system-out/>
  <testcase classname="testCases.WidgetsPages" name="checkResolutionForWidgets" time="11.169"/>
  <system-out/>
  <testcase classname="testCases.WidgetsPages" name="checkResolutionForWidgets" time="11.491"/>
  <system-out/>
  <testcase classname="testCases.WidgetsPages" name="checkResolutionForWidgets" time="11.365"/>
  <system-out/>
</testsuite> <!-- testCases.WidgetsPages -->
